<?xml version="1.0" encoding="UTF-8"?>
<!-- Generated by org.testng.reporters.JUnitXMLReporter -->
<testsuite ignored="0" hostname="RSYQL" failures="0" tests="7" name="Surefire test" time="0.047" errors="0" timestamp="2026-05-17T20:41:37 WIB">
  <testcase classname="com.juaracoding.DivisiTest" name="testTambahKaryawanDanGetJumlah" time="0.007"/>
  <testcase classname="com.juaracoding.DivisiTest" name="testTambahKaryawanNullException" time="0.0"/>
  <testcase classname="com.juaracoding.KaryawanTest" name="testHitungGajiTotalLainnya" time="0.0"/>
  <testcase classname="com.juaracoding.KaryawanTest" name="testHitungGajiTotalManager" time="0.0"/>
  <testcase classname="com.juaracoding.KaryawanTest" name="testHitungGajiTotalStaff" time="0.0"/>
  <testcase classname="com.juaracoding.KaryawanTest" name="testUpdateGajiNegatifException" time="0.0"/>
  <testcase classname="com.juaracoding.KaryawanTest" name="testUpdateGajiPositif" time="0.0"/>
</testsuite> <!-- Surefire test -->
