<?xml version="1.0" encoding="UTF-8"?>
<testng-results ignored="0" total="7" passed="7" failed="0" skipped="0">
  <reporter-output>
  </reporter-output>
  <suite started-at="2026-05-17T20:53:05 WIB" name="Surefire suite" finished-at="2026-05-17T20:53:05 WIB" duration-ms="35">
    <groups>
    </groups>
    <test started-at="2026-05-17T20:53:05 WIB" name="Surefire test" finished-at="2026-05-17T20:53:05 WIB" duration-ms="35">
      <class name="com.juaracoding.DivisiTest">
        <test-method is-config="true" signature="setUp()[pri:0, instance:com.juaracoding.DivisiTest@258e2e41]" started-at="2026-05-17T20:53:05 WIB" name="setUp" finished-at="2026-05-17T20:53:05 WIB" duration-ms="5" status="PASS">
          <reporter-output>
          </reporter-output>
        </test-method> <!-- setUp -->
        <test-method signature="testTambahKaryawanDanGetJumlah()[pri:0, instance:com.juaracoding.DivisiTest@258e2e41]" started-at="2026-05-17T20:53:05 WIB" name="testTambahKaryawanDanGetJumlah" finished-at="2026-05-17T20:53:05 WIB" duration-ms="2" status="PASS">
          <reporter-output>
          </reporter-output>
        </test-method> <!-- testTambahKaryawanDanGetJumlah -->
        <test-method is-config="true" signature="setUp()[pri:0, instance:com.juaracoding.DivisiTest@258e2e41]" started-at="2026-05-17T20:53:05 WIB" name="setUp" finished-at="2026-05-17T20:53:05 WIB" duration-ms="2" status="PASS">
          <reporter-output>
          </reporter-output>
        </test-method> <!-- setUp -->
        <test-method signature="testTambahKaryawanNullException()[pri:0, instance:com.juaracoding.DivisiTest@258e2e41]" started-at="2026-05-17T20:53:05 WIB" name="testTambahKaryawanNullException" finished-at="2026-05-17T20:53:05 WIB" duration-ms="0" status="PASS">
          <exception class="java.lang.IllegalArgumentException">
            <message>
              <![CDATA[Karyawan tidak boleh null]]>
            </message>
            <full-stacktrace>
              <![CDATA[java.lang.IllegalArgumentException: Karyawan tidak boleh null
at com.juaracoding.Divisi.tambahKaryawan(Divisi.java:21)
at com.juaracoding.DivisiTest.testTambahKaryawanNullException(DivisiTest.java:29)
at java.base/jdk.internal.reflect.DirectMethodHandleAccessor.invoke(DirectMethodHandleAccessor.java:103)
at java.base/java.lang.reflect.Method.invoke(Method.java:580)
at org.testng.internal.invokers.MethodInvocationHelper.invokeMethod(MethodInvocationHelper.java:139)
at org.testng.internal.invokers.TestInvoker.invokeMethod(TestInvoker.java:677)
at org.testng.internal.invokers.TestInvoker.invokeTestMethod(TestInvoker.java:221)
at org.testng.internal.invokers.MethodRunner.runInSequence(MethodRunner.java:50)
at org.testng.internal.invokers.TestInvoker$MethodInvocationAgent.invoke(TestInvoker.java:969)
at org.testng.internal.invokers.TestInvoker.invokeTestMethods(TestInvoker.java:194)
at org.testng.internal.invokers.TestMethodWorker.invokeTestMethods(TestMethodWorker.java:148)
at org.testng.internal.invokers.TestMethodWorker.run(TestMethodWorker.java:128)
at java.base/java.util.ArrayList.forEach(ArrayList.java:1596)
at org.testng.TestRunner.privateRun(TestRunner.java:829)
at org.testng.TestRunner.run(TestRunner.java:602)
at org.testng.SuiteRunner.runTest(SuiteRunner.java:437)
at org.testng.SuiteRunner.runSequentially(SuiteRunner.java:431)
at org.testng.SuiteRunner.privateRun(SuiteRunner.java:391)
at org.testng.SuiteRunner.run(SuiteRunner.java:330)
at org.testng.SuiteRunnerWorker.runSuite(SuiteRunnerWorker.java:52)
at org.testng.SuiteRunnerWorker.run(SuiteRunnerWorker.java:95)
at org.testng.TestNG.runSuitesSequentially(TestNG.java:1256)
at org.testng.TestNG.runSuitesLocally(TestNG.java:1176)
at org.testng.TestNG.runSuites(TestNG.java:1099)
at org.testng.TestNG.run(TestNG.java:1067)
at org.apache.maven.surefire.testng.TestNGExecutor.run(TestNGExecutor.java:155)
at org.apache.maven.surefire.testng.TestNGDirectoryTestSuite.executeMulti(TestNGDirectoryTestSuite.java:169)
at org.apache.maven.surefire.testng.TestNGDirectoryTestSuite.execute(TestNGDirectoryTestSuite.java:88)
at org.apache.maven.surefire.testng.TestNGProvider.invoke(TestNGProvider.java:137)
at org.apache.maven.surefire.booter.ForkedBooter.runSuitesInProcess(ForkedBooter.java:385)
at org.apache.maven.surefire.booter.ForkedBooter.execute(ForkedBooter.java:162)
at org.apache.maven.surefire.booter.ForkedBooter.run(ForkedBooter.java:507)
at org.apache.maven.surefire.booter.ForkedBooter.main(ForkedBooter.java:495)
]]>
            </full-stacktrace>
          </exception> <!-- java.lang.IllegalArgumentException -->
          <reporter-output>
          </reporter-output>
        </test-method> <!-- testTambahKaryawanNullException -->
      </class> <!-- com.juaracoding.DivisiTest -->
      <class name="com.juaracoding.KaryawanTest">
        <test-method signature="testHitungGajiTotalManager()[pri:0, instance:com.juaracoding.KaryawanTest@197d671]" started-at="2026-05-17T20:53:05 WIB" name="testHitungGajiTotalManager" finished-at="2026-05-17T20:53:05 WIB" duration-ms="0" status="PASS">
          <reporter-output>
          </reporter-output>
        </test-method> <!-- testHitungGajiTotalManager -->
        <test-method signature="testHitungGajiTotalLainnya()[pri:0, instance:com.juaracoding.KaryawanTest@197d671]" started-at="2026-05-17T20:53:05 WIB" name="testHitungGajiTotalLainnya" finished-at="2026-05-17T20:53:05 WIB" duration-ms="0" status="PASS">
          <reporter-output>
          </reporter-output>
        </test-method> <!-- testHitungGajiTotalLainnya -->
        <test-method signature="testHitungGajiTotalStaff()[pri:0, instance:com.juaracoding.KaryawanTest@197d671]" started-at="2026-05-17T20:53:05 WIB" name="testHitungGajiTotalStaff" finished-at="2026-05-17T20:53:05 WIB" duration-ms="1" status="PASS">
          <reporter-output>
          </reporter-output>
        </test-method> <!-- testHitungGajiTotalStaff -->
        <test-method signature="testUpdateGajiNegatifException()[pri:0, instance:com.juaracoding.KaryawanTest@197d671]" started-at="2026-05-17T20:53:05 WIB" name="testUpdateGajiNegatifException" finished-at="2026-05-17T20:53:05 WIB" duration-ms="0" status="PASS">
          <exception class="java.lang.IllegalArgumentException">
            <message>
              <![CDATA[Persentase tidak boleh negatif]]>
            </message>
            <full-stacktrace>
              <![CDATA[java.lang.IllegalArgumentException: Persentase tidak boleh negatif
at com.juaracoding.Karyawan.updateGaji(Karyawan.java:38)
at com.juaracoding.KaryawanTest.testUpdateGajiNegatifException(KaryawanTest.java:39)
at java.base/jdk.internal.reflect.DirectMethodHandleAccessor.invoke(DirectMethodHandleAccessor.java:103)
at java.base/java.lang.reflect.Method.invoke(Method.java:580)
at org.testng.internal.invokers.MethodInvocationHelper.invokeMethod(MethodInvocationHelper.java:139)
at org.testng.internal.invokers.TestInvoker.invokeMethod(TestInvoker.java:677)
at org.testng.internal.invokers.TestInvoker.invokeTestMethod(TestInvoker.java:221)
at org.testng.internal.invokers.MethodRunner.runInSequence(MethodRunner.java:50)
at org.testng.internal.invokers.TestInvoker$MethodInvocationAgent.invoke(TestInvoker.java:969)
at org.testng.internal.invokers.TestInvoker.invokeTestMethods(TestInvoker.java:194)
at org.testng.internal.invokers.TestMethodWorker.invokeTestMethods(TestMethodWorker.java:148)
at org.testng.internal.invokers.TestMethodWorker.run(TestMethodWorker.java:128)
at java.base/java.util.ArrayList.forEach(ArrayList.java:1596)
at org.testng.TestRunner.privateRun(TestRunner.java:829)
at org.testng.TestRunner.run(TestRunner.java:602)
at org.testng.SuiteRunner.runTest(SuiteRunner.java:437)
at org.testng.SuiteRunner.runSequentially(SuiteRunner.java:431)
at org.testng.SuiteRunner.privateRun(SuiteRunner.java:391)
at org.testng.SuiteRunner.run(SuiteRunner.java:330)
at org.testng.SuiteRunnerWorker.runSuite(SuiteRunnerWorker.java:52)
at org.testng.SuiteRunnerWorker.run(SuiteRunnerWorker.java:95)
at org.testng.TestNG.runSuitesSequentially(TestNG.java:1256)
at org.testng.TestNG.runSuitesLocally(TestNG.java:1176)
at org.testng.TestNG.runSuites(TestNG.java:1099)
at org.testng.TestNG.run(TestNG.java:1067)
at org.apache.maven.surefire.testng.TestNGExecutor.run(TestNGExecutor.java:155)
at org.apache.maven.surefire.testng.TestNGDirectoryTestSuite.executeMulti(TestNGDirectoryTestSuite.java:169)
at org.apache.maven.surefire.testng.TestNGDirectoryTestSuite.execute(TestNGDirectoryTestSuite.java:88)
at org.apache.maven.surefire.testng.TestNGProvider.invoke(TestNGProvider.java:137)
at org.apache.maven.surefire.booter.ForkedBooter.runSuitesInProcess(ForkedBooter.java:385)
at org.apache.maven.surefire.booter.ForkedBooter.execute(ForkedBooter.java:162)
at org.apache.maven.surefire.booter.ForkedBooter.run(ForkedBooter.java:507)
at org.apache.maven.surefire.booter.ForkedBooter.main(ForkedBooter.java:495)
]]>
            </full-stacktrace>
          </exception> <!-- java.lang.IllegalArgumentException -->
          <reporter-output>
          </reporter-output>
        </test-method> <!-- testUpdateGajiNegatifException -->
        <test-method signature="testUpdateGajiPositif()[pri:0, instance:com.juaracoding.KaryawanTest@197d671]" started-at="2026-05-17T20:53:05 WIB" name="testUpdateGajiPositif" finished-at="2026-05-17T20:53:05 WIB" duration-ms="0" status="PASS">
          <reporter-output>
          </reporter-output>
        </test-method> <!-- testUpdateGajiPositif -->
      </class> <!-- com.juaracoding.KaryawanTest -->
    </test> <!-- Surefire test -->
  </suite> <!-- Surefire suite -->
</testng-results>
