<?xml version="1.0" encoding="UTF-8"?>
<testsuite xmlns:xsi="http://www.w3.org/2001/XMLSchema-instance" xsi:noNamespaceSchemaLocation="https://maven.apache.org/surefire/maven-surefire-plugin/xsd/surefire-test-report.xsd" version="3.0.2" name="TestSuite" time="0.303" tests="7" errors="0" skipped="0" failures="0">
  <properties>
[...]
</properties>
  <testcase name="testTambahKaryawanDanGetJumlah" classname="com.juaracoding.DivisiTest" time="0.001">
    <system-err><![CDATA[SLF4J: Failed to load class "org.slf4j.impl.StaticLoggerBinder".
SLF4J: Defaulting to no-operation (NOP) logger implementation
SLF4J: See http://www.slf4j.org/codes.html#StaticLoggerBinder for further details.
]]></system-err>
  </testcase>
  <testcase name="testTambahKaryawanNullException" classname="com.juaracoding.DivisiTest" time="0.0"/>
  <testcase name="testHitungGajiTotalLainnya" classname="com.juaracoding.KaryawanTest" time="0.0"/>
  <testcase name="testHitungGajiTotalManager" classname="com.juaracoding.KaryawanTest" time="0.0"/>
  <testcase name="testHitungGajiTotalStaff" classname="com.juaracoding.KaryawanTest" time="0.0"/>
  <testcase name="testUpdateGajiNegatifException" classname="com.juaracoding.KaryawanTest" time="0.0"/>
  <testcase name="testUpdateGajiPositif" classname="com.juaracoding.KaryawanTest" time="0.002"/>
</testsuite>