<?xml version="1.0" encoding="UTF-8"?>
<!-- Generated by org.testng.reporters.JUnitReportReporter -->
<testsuite hostname="RSYQL" failures="0" tests="5" name="com.juaracoding.KaryawanTest" time="0.000" errors="0" timestamp="2026-05-17T20:41:37 WIB" skipped="0">
  <testcase classname="com.juaracoding.KaryawanTest" name="testHitungGajiTotalManager" time="0.000"/>
  <system-out/>
  <testcase classname="com.juaracoding.KaryawanTest" name="testUpdateGajiNegatifException" time="0.000"/>
  <system-out/>
  <testcase classname="com.juaracoding.KaryawanTest" name="testUpdateGajiPositif" time="0.000"/>
  <system-out/>
  <testcase classname="com.juaracoding.KaryawanTest" name="testHitungGajiTotalLainnya" time="0.000"/>
  <system-out/>
  <testcase classname="com.juaracoding.KaryawanTest" name="testHitungGajiTotalStaff" time="0.000"/>
  <system-out/>
</testsuite> <!-- com.juaracoding.KaryawanTest -->
