<?xml version="1.0" encoding="UTF-8"?>
<!-- Generated by org.testng.reporters.JUnitReportReporter -->
<testsuite hostname="RSYQL" failures="0" tests="2" name="com.juaracoding.DivisiTest" time="0.017" errors="0" timestamp="2026-05-17T20:41:37 WIB" skipped="0">
  <testcase classname="com.juaracoding.DivisiTest" name="testTambahKaryawanNullException" time="0.009"/>
  <system-out/>
  <testcase classname="com.juaracoding.DivisiTest" name="testTambahKaryawanDanGetJumlah" time="0.008"/>
  <system-out/>
</testsuite> <!-- com.juaracoding.DivisiTest -->
